%このファイルは日本語文字を含みます.
\BOOKMARK [1][-]{section*.2}{京都大学大学院理学研究科数学・数理解析専攻}{}% 1
\BOOKMARK [2][-]{section*.3}{コース分け}{section*.2}% 2
\BOOKMARK [2][-]{section*.4}{例年の入試}{section*.2}% 3
\BOOKMARK [2][-]{section*.9}{今年度の入試}{section*.2}% 4
\BOOKMARK [2][-]{section*.13}{対策のポイント}{section*.2}% 5
\BOOKMARK [1][-]{section*.14}{東京大学大学院数理科学研究科}{}% 6
\BOOKMARK [2][-]{section*.15}{例年の入試}{section*.14}% 7
\BOOKMARK [2][-]{section*.16}{今年度の入試}{section*.14}% 8
\BOOKMARK [2][-]{section*.18}{対策のポイント}{section*.14}% 9
\BOOKMARK [1][-]{section*.23}{東京工業大学理学院数学系}{}% 10
\BOOKMARK [2][-]{section*.24}{例年の入試}{section*.23}% 11
\BOOKMARK [2][-]{section*.25}{今年度の入試}{section*.23}% 12
\BOOKMARK [1][-]{section*.26}{名古屋大学大学院多元数理科学研究科}{}% 13
\BOOKMARK [2][-]{section*.27}{例年の入試}{section*.26}% 14
\BOOKMARK [2][-]{section*.28}{今年度の入試}{section*.26}% 15
\BOOKMARK [1][-]{section*.31}{北海道大学大学院理学院数学専攻}{}% 16
\BOOKMARK [2][-]{section*.32}{例年の入試}{section*.31}% 17
\BOOKMARK [2][-]{section*.33}{今年度の入試}{section*.31}% 18
\BOOKMARK [1][-]{section*.34}{早稲田大学大学院基幹理工研究科数学応用数理専攻}{}% 19
\BOOKMARK [2][-]{section*.35}{例年の入試}{section*.34}% 20
\BOOKMARK [2][-]{section*.36}{今年度の入試}{section*.34}% 21
\BOOKMARK [2][-]{section*.37}{対策のポイント}{section*.34}% 22
