This is pdfTeX, Version 3.14159265-2.6-1.40.21 (TeX Live 2020/W32TeX) (preloaded format=latex 2020.4.20)  21 OCT 2020 00:29
entering extended mode
 restricted \write18 enabled.
 file:line:error style messages enabled.
 %&-line parsing enabled.
**e:/TeX/others/Taylor.tex
(e:/TeX/others/Taylor.tex
LaTeX2e <2020-02-02> patch level 5
L3 programming layer <2020-04-06> (c:/texlive/2020/texmf-dist/tex/platex/jsclasses/jsarticle.cls

c:/texlive/2020/texmf-dist/tex/platex/jsclasses/jsarticle.cls:26: LaTeX Error: This file needs format `pLaTeX2e'
               but this is `LaTeX2e'.

See the LaTeX manual or LaTeX Companion for explanation.
Type  H <return>  for immediate help.
 ...                                              
                                                  
l.26 \NeedsTeXFormat{pLaTeX2e}
                              
The current input file will not be processed further,
because it was written for some other flavor of TeX.
You're in trouble here.  Try typing  <return>  to proceed.
If that doesn't work, type  X <return>  to quit.

) (c:/texlive/2020/texmf-dist/tex/latex/base/latexsym.sty
Package: latexsym 1998/08/17 v2.2e Standard LaTeX package (lasy symbols)
\symlasy=\mathgroup4
LaTeX Font Info:    Overwriting symbol font `lasy' in version `bold'
(Font)                  U/lasy/m/n --> U/lasy/b/n on input line 52.
) (c:/texlive/2020/texmf-dist/tex/latex/amsmath/amsmath.sty
Package: amsmath 2020/01/20 v2.17e AMS math features
\@mathmargin=\skip47

For additional information on amsmath, use the `?' option.
(c:/texlive/2020/texmf-dist/tex/latex/amsmath/amstext.sty
Package: amstext 2000/06/29 v2.01 AMS text
 (c:/texlive/2020/texmf-dist/tex/latex/amsmath/amsgen.sty
File: amsgen.sty 1999/11/30 v2.0 generic functions
\@emptytoks=\toks15
\ex@=\dimen134
)) (c:/texlive/2020/texmf-dist/tex/latex/amsmath/amsbsy.sty
Package: amsbsy 1999/11/29 v1.2d Bold Symbols
\pmbraise@=\dimen135
) (c:/texlive/2020/texmf-dist/tex/latex/amsmath/amsopn.sty
Package: amsopn 2016/03/08 v2.02 operator names
)
\inf@bad=\count167
LaTeX Info: Redefining \frac on input line 227.
\uproot@=\count168
\leftroot@=\count169
LaTeX Info: Redefining \overline on input line 389.
\classnum@=\count170
\DOTSCASE@=\count171
LaTeX Info: Redefining \ldots on input line 486.
LaTeX Info: Redefining \dots on input line 489.
LaTeX Info: Redefining \cdots on input line 610.
\Mathstrutbox@=\box45
\strutbox@=\box46
\big@size=\dimen136
LaTeX Font Info:    Redeclaring font encoding OML on input line 733.
LaTeX Font Info:    Redeclaring font encoding OMS on input line 734.
\macc@depth=\count172
\c@MaxMatrixCols=\count173
\dotsspace@=\muskip16
\c@parentequation=\count174
\dspbrk@lvl=\count175
\tag@help=\toks16
\row@=\count176
\column@=\count177
\maxfields@=\count178
\andhelp@=\toks17
\eqnshift@=\dimen137
\alignsep@=\dimen138
\tagshift@=\dimen139
\tagwidth@=\dimen140
\totwidth@=\dimen141
\lineht@=\dimen142
\@envbody=\toks18
\multlinegap=\skip48
\multlinetaggap=\skip49
\mathdisplay@stack=\toks19
LaTeX Info: Redefining \[ on input line 2859.
LaTeX Info: Redefining \] on input line 2860.
) (c:/texlive/2020/texmf-dist/tex/latex/amscls/amsthm.sty
Package: amsthm 2017/10/31 v2.20.4
\thm@style=\toks20
\thm@bodyfont=\toks21
\thm@headfont=\toks22
\thm@notefont=\toks23
\thm@headpunct=\toks24
\thm@preskip=\skip50
\thm@postskip=\skip51
\thm@headsep=\skip52
\dth@everypar=\toks25
) (c:/texlive/2020/texmf-dist/tex/latex/amsfonts/amssymb.sty
Package: amssymb 2013/01/14 v3.01 AMS font symbols
 (c:/texlive/2020/texmf-dist/tex/latex/amsfonts/amsfonts.sty
Package: amsfonts 2013/01/14 v3.01 Basic AMSFonts support
\symAMSa=\mathgroup5
\symAMSb=\mathgroup6
LaTeX Font Info:    Redeclaring math symbol \hbar on input line 98.
LaTeX Font Info:    Overwriting math alphabet `\mathfrak' in version `bold'
(Font)                  U/euf/m/n --> U/euf/b/n on input line 106.
)) (c:/texlive/2020/texmf-dist/tex/latex/enumitem/enumitem.sty
Package: enumitem 2019/06/20 v3.9 Customized lists
\enitkv@toks@=\toks26
\labelindent=\skip53
\enit@outerparindent=\dimen143
\enit@toks=\toks27
\enit@inbox=\box47
\enit@count@id=\count179

c:/texlive/2020/texmf-dist/tex/latex/enumitem/enumitem.sty:1084: Undefined control sequence.
<argument> \scriptsize 
                       
l.1084 \SetEnumitemSize{script}\scriptsize
                                          
The control sequence at the end of the top line
of your error message was never \def'ed. If you have
misspelled it (e.g., `\hobx'), type `I' and the correct
spelling (e.g., `I\hbox'). Otherwise just continue,
and I'll forget about whatever was undefined.

c:/texlive/2020/texmf-dist/tex/latex/enumitem/enumitem.sty:1085: Undefined control sequence.
<argument> \tiny 
                 
l.1085 \SetEnumitemSize{tiny}\tiny
                                  
The control sequence at the end of the top line
of your error message was never \def'ed. If you have
misspelled it (e.g., `\hobx'), type `I' and the correct
spelling (e.g., `I\hbox'). Otherwise just continue,
and I'll forget about whatever was undefined.

c:/texlive/2020/texmf-dist/tex/latex/enumitem/enumitem.sty:1086: Undefined control sequence.
<argument> \footnotesize 
                         
l.1086 \SetEnumitemSize{footnote}\footnotesize
                                              
The control sequence at the end of the top line
of your error message was never \def'ed. If you have
misspelled it (e.g., `\hobx'), type `I' and the correct
spelling (e.g., `I\hbox'). Otherwise just continue,
and I'll forget about whatever was undefined.

c:/texlive/2020/texmf-dist/tex/latex/enumitem/enumitem.sty:1087: Undefined control sequence.
<argument> \small 
                  
l.1087 \SetEnumitemSize{small}\small
                                    
The control sequence at the end of the top line
of your error message was never \def'ed. If you have
misspelled it (e.g., `\hobx'), type `I' and the correct
spelling (e.g., `I\hbox'). Otherwise just continue,
and I'll forget about whatever was undefined.


c:/texlive/2020/texmf-dist/tex/latex/enumitem/enumitem.sty:1088: LaTeX Error: The font size command \normalsize is not defined:
               there is probably something wrong with the class file.

See the LaTeX manual or LaTeX Companion for explanation.
Type  H <return>  for immediate help.
 ...                                              
                                                  
l.1088 \SetEnumitemSize{normal}\normalsize
                                          
Your command was ignored.
Type  I <command> <return>  to replace it with another command,
or  <return>  to continue without it.

c:/texlive/2020/texmf-dist/tex/latex/enumitem/enumitem.sty:1089: Undefined control sequence.
<argument> \large 
                  
l.1089 \SetEnumitemSize{large}\large
                                    
The control sequence at the end of the top line
of your error message was never \def'ed. If you have
misspelled it (e.g., `\hobx'), type `I' and the correct
spelling (e.g., `I\hbox'). Otherwise just continue,
and I'll forget about whatever was undefined.

c:/texlive/2020/texmf-dist/tex/latex/enumitem/enumitem.sty:1090: Undefined control sequence.
<argument> \Large 
                  
l.1090 \SetEnumitemSize{Large}\Large
                                    
The control sequence at the end of the top line
of your error message was never \def'ed. If you have
misspelled it (e.g., `\hobx'), type `I' and the correct
spelling (e.g., `I\hbox'). Otherwise just continue,
and I'll forget about whatever was undefined.

c:/texlive/2020/texmf-dist/tex/latex/enumitem/enumitem.sty:1091: Undefined control sequence.
<argument> \LARGE 
                  
l.1091 \SetEnumitemSize{LARGE}\LARGE
                                    
The control sequence at the end of the top line
of your error message was never \def'ed. If you have
misspelled it (e.g., `\hobx'), type `I' and the correct
spelling (e.g., `I\hbox'). Otherwise just continue,
and I'll forget about whatever was undefined.

c:/texlive/2020/texmf-dist/tex/latex/enumitem/enumitem.sty:1092: Undefined control sequence.
<argument> \huge 
                 
l.1092 \SetEnumitemSize{huge}\huge
                                  
The control sequence at the end of the top line
of your error message was never \def'ed. If you have
misspelled it (e.g., `\hobx'), type `I' and the correct
spelling (e.g., `I\hbox'). Otherwise just continue,
and I'll forget about whatever was undefined.

c:/texlive/2020/texmf-dist/tex/latex/enumitem/enumitem.sty:1093: Undefined control sequence.
<argument> \Huge 
                 
l.1093 \SetEnumitemSize{Huge}\Huge
                                  
The control sequence at the end of the top line
of your error message was never \def'ed. If you have
misspelled it (e.g., `\hobx'), type `I' and the correct
spelling (e.g., `I\hbox'). Otherwise just continue,
and I'll forget about whatever was undefined.

\enitdp@description=\count180

c:/texlive/2020/texmf-dist/tex/latex/enumitem/enumitem.sty:1833: LaTeX Error: Environment description undefined.

See the LaTeX manual or LaTeX Companion for explanation.
Type  H <return>  for immediate help.
 ...                                              
                                                  
l.1833 \renewenvironment{description}
                                     [1][]
Try typing  <return>  to proceed.
If that doesn't work, type  X <return>  to quit.

) (c:/texlive/2020/texmf-dist/tex/latex/type1cm/type1cm.sty
Package: type1cm 2002/09/05 v0.04 BlueSky/Y&Y Type1 CM font definitions (DPC, patched RF)
)
\c@theorem=\count181


e:/TeX/others/Taylor.tex:5: LaTeX Error: No counter 'section' defined.

See the LaTeX manual or LaTeX Companion for explanation.
Type  H <return>  for immediate help.
 ...                                              
                                                  
l.5 \newtheorem{theorem}{å®šç†}[section]
                                         
Your command was ignored.
Type  I <command> <return>  to replace it with another command,
or  <return>  to continue without it.

(c:/texlive/2020/texmf-dist/tex/latex/l3backend/l3backend-dvips.def
File: l3backend-dvips.def 2020-03-12 L3 backend support: dvips
\l__pdf_internal_box=\box48
\g__pdf_backend_object_int=\count182
\l__pdf_backend_content_box=\box49
\l__pdf_backend_model_box=\box50
\g__pdf_backend_annotation_int=\count183
\g__pdf_backend_link_int=\count184
\g__pdf_backend_link_sf_int=\count185
) (out/Taylor.aux)
\openout1 = `Taylor.aux'.

LaTeX Font Info:    Checking defaults for OML/cmm/m/it on input line 13.
LaTeX Font Info:    ... okay on input line 13.
LaTeX Font Info:    Checking defaults for OMS/cmsy/m/n on input line 13.
LaTeX Font Info:    ... okay on input line 13.
LaTeX Font Info:    Checking defaults for OT1/cmr/m/n on input line 13.
LaTeX Font Info:    ... okay on input line 13.
LaTeX Font Info:    Checking defaults for T1/cmr/m/n on input line 13.
LaTeX Font Info:    ... okay on input line 13.
LaTeX Font Info:    Checking defaults for TS1/cmr/m/n on input line 13.
LaTeX Font Info:    ... okay on input line 13.
LaTeX Font Info:    Checking defaults for OMX/cmex/m/n on input line 13.
LaTeX Font Info:    ... okay on input line 13.
LaTeX Font Info:    Checking defaults for U/cmr/m/n on input line 13.
LaTeX Font Info:    ... okay on input line 13.


e:/TeX/others/Taylor.tex:13: LaTeX Error: The font size command \normalsize is not defined:
               there is probably something wrong with the class file.

See the LaTeX manual or LaTeX Companion for explanation.
Type  H <return>  for immediate help.
 ...                                              
                                                  
l.13 \begin{document}
                     
Your command was ignored.
Type  I <command> <return>  to replace it with another command,
or  <return>  to continue without it.

e:/TeX/others/Taylor.tex:18: Undefined control sequence.
l.18 \maketitle
               
The control sequence at the end of the top line
of your error message was never \def'ed. If you have
misspelled it (e.g., `\hobx'), type `I' and the correct
spelling (e.g., `I\hbox'). Otherwise just continue,
and I'll forget about whatever was undefined.

e:/TeX/others/Taylor.tex:20: Undefined control sequence.
l.20 \section
             {é–¢æ•°ã®è¿‘ä¼¼}
The control sequence at the end of the top line
of your error message was never \def'ed. If you have
misspelled it (e.g., `\hobx'), type `I' and the correct
spelling (e.g., `I\hbox'). Otherwise just continue,
and I'll forget about whatever was undefined.


e:/TeX/others/Taylor.tex:20: Package inputenc Error: Unicode character é–¢ (U+95A2)
(inputenc)                not set up for use with LaTeX.

See the inputenc package documentation for explanation.
Type  H <return>  for immediate help.
 ...                                              
                                                  
l.20 \section{é–¢
                 æ•°ã®è¿‘ä¼¼}
You may provide a definition with
\DeclareUnicodeCharacter 


e:/TeX/others/Taylor.tex:20: Package inputenc Error: Unicode character æ•° (U+6570)
(inputenc)                not set up for use with LaTeX.

See the inputenc package documentation for explanation.
Type  H <return>  for immediate help.
 ...                                              
                                                  
l.20 \section{é–¢æ•°
                    ã®è¿‘ä¼¼}
You may provide a definition with
\DeclareUnicodeCharacter 


e:/TeX/others/Taylor.tex:20: Package inputenc Error: Unicode character ã® (U+306E)
(inputenc)                not set up for use with LaTeX.

See the inputenc package documentation for explanation.
Type  H <return>  for immediate help.
 ...                                              
                                                  
l.20 \section{é–¢æ•°ã®
                       è¿‘ä¼¼}
You may provide a definition with
\DeclareUnicodeCharacter 


e:/TeX/others/Taylor.tex:20: Package inputenc Error: Unicode character è¿‘ (U+8FD1)
(inputenc)                not set up for use with LaTeX.

See the inputenc package documentation for explanation.
Type  H <return>  for immediate help.
 ...                                              
                                                  
l.20 \section{é–¢æ•°ã®è¿‘
                          ä¼¼}
You may provide a definition with
\DeclareUnicodeCharacter 


e:/TeX/others/Taylor.tex:20: Package inputenc Error: Unicode character ä¼¼ (U+4F3C)
(inputenc)                not set up for use with LaTeX.

See the inputenc package documentation for explanation.
Type  H <return>  for immediate help.
 ...                                              
                                                  
l.20 \section{é–¢æ•°ã®è¿‘ä¼¼
                             }
You may provide a definition with
\DeclareUnicodeCharacter 


e:/TeX/others/Taylor.tex:21: Package inputenc Error: Unicode character å¾® (U+5FAE)
(inputenc)                not set up for use with LaTeX.

See the inputenc package documentation for explanation.
Type  H <return>  for immediate help.
 ...                                              
                                                  
l.21 å¾®
        åˆ†å¯èƒ½ãªé–¢æ•°ã«ã¯ãŸãã•ã‚“ã®ç¨®é¡ãŒã‚ã‚‹ï¼ä»£è¡¨ä¾‹ã...
You may provide a definition with
\DeclareUnicodeCharacter 


e:/TeX/others/Taylor.tex:21: Package inputenc Error: Unicode character åˆ† (U+5206)
(inputenc)                not set up for use with LaTeX.

See the inputenc package documentation for explanation.
Type  H <return>  for immediate help.
 ...                                              
                                                  
l.21 å¾®åˆ†
           å¯èƒ½ãªé–¢æ•°ã«ã¯ãŸãã•ã‚“ã®ç¨®é¡ãŒã‚ã‚‹ï¼ä»£è¡¨ä¾‹ã...
You may provide a definition with
\DeclareUnicodeCharacter 


e:/TeX/others/Taylor.tex:21: Package inputenc Error: Unicode character å¯ (U+53EF)
(inputenc)                not set up for use with LaTeX.

See the inputenc package documentation for explanation.
Type  H <return>  for immediate help.
 ...                                              
                                                  
l.21 å¾®åˆ†å¯
              èƒ½ãªé–¢æ•°ã«ã¯ãŸãã•ã‚“ã®ç¨®é¡ãŒã‚ã‚‹ï¼ä»£è¡¨ä¾‹ã...
You may provide a definition with
\DeclareUnicodeCharacter 


e:/TeX/others/Taylor.tex:21: Package inputenc Error: Unicode character èƒ½ (U+80FD)
(inputenc)                not set up for use with LaTeX.

See the inputenc package documentation for explanation.
Type  H <return>  for immediate help.
 ...                                              
                                                  
l.21 å¾®åˆ†å¯èƒ½
                 ãªé–¢æ•°ã«ã¯ãŸãã•ã‚“ã®ç¨®é¡ãŒã‚ã‚‹ï¼ä»£è¡¨ä¾‹ã...
You may provide a definition with
\DeclareUnicodeCharacter 


e:/TeX/others/Taylor.tex:21: Package inputenc Error: Unicode character ãª (U+306A)
(inputenc)                not set up for use with LaTeX.

See the inputenc package documentation for explanation.
Type  H <return>  for immediate help.
 ...                                              
                                                  
l.21 å¾®åˆ†å¯èƒ½ãª
                    é–¢æ•°ã«ã¯ãŸãã•ã‚“ã®ç¨®é¡ãŒã‚ã‚‹ï¼ä»£è¡¨ä¾‹ã...
You may provide a definition with
\DeclareUnicodeCharacter 


e:/TeX/others/Taylor.tex:21: Package inputenc Error: Unicode character é–¢ (U+95A2)
(inputenc)                not set up for use with LaTeX.

See the inputenc package documentation for explanation.
Type  H <return>  for immediate help.
 ...                                              
                                                  
l.21 å¾®åˆ†å¯èƒ½ãªé–¢
                       æ•°ã«ã¯ãŸãã•ã‚“ã®ç¨®é¡ãŒã‚ã‚‹ï¼ä»£è¡¨ä¾‹ã...
You may provide a definition with
\DeclareUnicodeCharacter 


e:/TeX/others/Taylor.tex:21: Package inputenc Error: Unicode character æ•° (U+6570)
(inputenc)                not set up for use with LaTeX.

See the inputenc package documentation for explanation.
Type  H <return>  for immediate help.
 ...                                              
                                                  
l.21 å¾®åˆ†å¯èƒ½ãªé–¢æ•°
                          ã«ã¯ãŸãã•ã‚“ã®ç¨®é¡ãŒã‚ã‚‹ï¼ä»£è¡¨ä¾‹ã...
You may provide a definition with
\DeclareUnicodeCharacter 


e:/TeX/others/Taylor.tex:21: Package inputenc Error: Unicode character ã« (U+306B)
(inputenc)                not set up for use with LaTeX.

See the inputenc package documentation for explanation.
Type  H <return>  for immediate help.
 ...                                              
                                                  
l.21 å¾®åˆ†å¯èƒ½ãªé–¢æ•°ã«
                             ã¯ãŸãã•ã‚“ã®ç¨®é¡ãŒã‚ã‚‹ï¼ä»£è¡¨ä¾‹ã...
You may provide a definition with
\DeclareUnicodeCharacter 


e:/TeX/others/Taylor.tex:21: Package inputenc Error: Unicode character ã¯ (U+306F)
(inputenc)                not set up for use with LaTeX.

See the inputenc package documentation for explanation.
Type  H <return>  for immediate help.
 ...                                              
                                                  
l.21 å¾®åˆ†å¯èƒ½ãªé–¢æ•°ã«ã¯
                                ãŸãã•ã‚“ã®ç¨®é¡ãŒã‚ã‚‹ï¼ä»£è¡¨ä¾‹ã...
You may provide a definition with
\DeclareUnicodeCharacter 


e:/TeX/others/Taylor.tex:21: Package inputenc Error: Unicode character ãŸ (U+305F)
(inputenc)                not set up for use with LaTeX.

See the inputenc package documentation for explanation.
Type  H <return>  for immediate help.
 ...                                              
                                                  
l.21 å¾®åˆ†å¯èƒ½ãªé–¢æ•°ã«ã¯ãŸ
                                   ãã•ã‚“ã®ç¨®é¡ãŒã‚ã‚‹ï¼ä»£è¡¨ä¾‹ã...
You may provide a definition with
\DeclareUnicodeCharacter 


e:/TeX/others/Taylor.tex:21: Package inputenc Error: Unicode character ã (U+304F)
(inputenc)                not set up for use with LaTeX.

See the inputenc package documentation for explanation.
Type  H <return>  for immediate help.
 ...                                              
                                                  
l.21 å¾®åˆ†å¯èƒ½ãªé–¢æ•°ã«ã¯ãŸã
                                      ã•ã‚“ã®ç¨®é¡ãŒã‚ã‚‹ï¼ä»£è¡¨ä¾‹ã...
You may provide a definition with
\DeclareUnicodeCharacter 


e:/TeX/others/Taylor.tex:21: Package inputenc Error: Unicode character ã• (U+3055)
(inputenc)                not set up for use with LaTeX.

See the inputenc package documentation for explanation.
Type  H <return>  for immediate help.
 ...                                              
                                                  
l.21 å¾®åˆ†å¯èƒ½ãªé–¢æ•°ã«ã¯ãŸãã•
                                         ã‚“ã®ç¨®é¡ãŒã‚ã‚‹ï¼ä»£è¡¨ä¾‹ã...
You may provide a definition with
\DeclareUnicodeCharacter 


e:/TeX/others/Taylor.tex:21: Package inputenc Error: Unicode character ã‚“ (U+3093)
(inputenc)                not set up for use with LaTeX.

See the inputenc package documentation for explanation.
Type  H <return>  for immediate help.
 ...                                              
                                                  
l.21 å¾®åˆ†å¯èƒ½ãªé–¢æ•°ã«ã¯ãŸãã•ã‚“
                                            ã®ç¨®é¡ãŒã‚ã‚‹ï¼ä»£è¡¨ä¾‹ã...
You may provide a definition with
\DeclareUnicodeCharacter 


e:/TeX/others/Taylor.tex:21: Package inputenc Error: Unicode character ã® (U+306E)
(inputenc)                not set up for use with LaTeX.

See the inputenc package documentation for explanation.
Type  H <return>  for immediate help.
 ...                                              
                                                  
l.21 å¾®åˆ†å¯èƒ½ãªé–¢æ•°ã«ã¯ãŸãã•ã‚“ã®
                                               ç¨®é¡ãŒã‚ã‚‹ï¼ä»£è¡¨ä¾‹ã...
You may provide a definition with
\DeclareUnicodeCharacter 


e:/TeX/others/Taylor.tex:21: Package inputenc Error: Unicode character ç¨® (U+7A2E)
(inputenc)                not set up for use with LaTeX.

See the inputenc package documentation for explanation.
Type  H <return>  for immediate help.
 ...                                              
                                                  
l.21 å¾®åˆ†å¯èƒ½ãªé–¢æ•°ã«ã¯ãŸãã•ã‚“ã®ç¨®
                                                  é¡ãŒã‚ã‚‹ï¼ä»£è¡¨ä¾‹ã...
You may provide a definition with
\DeclareUnicodeCharacter 


e:/TeX/others/Taylor.tex:21: Package inputenc Error: Unicode character é¡ (U+985E)
(inputenc)                not set up for use with LaTeX.

See the inputenc package documentation for explanation.
Type  H <return>  for immediate help.
 ...                                              
                                                  
l.21 ...å¯èƒ½ãªé–¢æ•°ã«ã¯ãŸãã•ã‚“ã®ç¨®é¡
                                                  ãŒã‚ã‚‹ï¼ä»£è¡¨ä¾‹ã¨ã...
You may provide a definition with
\DeclareUnicodeCharacter 


e:/TeX/others/Taylor.tex:21: Package inputenc Error: Unicode character ãŒ (U+304C)
(inputenc)                not set up for use with LaTeX.

See the inputenc package documentation for explanation.
Type  H <return>  for immediate help.
 ...                                              
                                                  
l.21 ...èƒ½ãªé–¢æ•°ã«ã¯ãŸãã•ã‚“ã®ç¨®é¡ãŒ
                                                  ã‚ã‚‹ï¼ä»£è¡¨ä¾‹ã¨ã—ã...
You may provide a definition with
\DeclareUnicodeCharacter 


e:/TeX/others/Taylor.tex:21: Package inputenc Error: Unicode character ã‚ (U+3042)
(inputenc)                not set up for use with LaTeX.

See the inputenc package documentation for explanation.
Type  H <return>  for immediate help.
 ...                                              
                                                  
l.21 ...ãªé–¢æ•°ã«ã¯ãŸãã•ã‚“ã®ç¨®é¡ãŒã‚
                                                  ã‚‹ï¼ä»£è¡¨ä¾‹ã¨ã—ã¦ã...
You may provide a definition with
\DeclareUnicodeCharacter 


e:/TeX/others/Taylor.tex:21: Package inputenc Error: Unicode character ã‚‹ (U+308B)
(inputenc)                not set up for use with LaTeX.

See the inputenc package documentation for explanation.
Type  H <return>  for immediate help.
 ...                                              
                                                  
l.21 ...é–¢æ•°ã«ã¯ãŸãã•ã‚“ã®ç¨®é¡ãŒã‚ã‚‹
                                                  ï¼ä»£è¡¨ä¾‹ã¨ã—ã¦ã¯å¤...
You may provide a definition with
\DeclareUnicodeCharacter 


e:/TeX/others/Taylor.tex:21: Package inputenc Error: Unicode character ï¼ (U+FF0E)
(inputenc)                not set up for use with LaTeX.

See the inputenc package documentation for explanation.
Type  H <return>  for immediate help.
 ...                                              
                                                  
l.21 ...æ•°ã«ã¯ãŸãã•ã‚“ã®ç¨®é¡ãŒã‚ã‚‹ï¼
                                                  ä»£è¡¨ä¾‹ã¨ã—ã¦ã¯å¤šé ...
You may provide a definition with
\DeclareUnicodeCharacter 


e:/TeX/others/Taylor.tex:21: Package inputenc Error: Unicode character ä»£ (U+4EE3)
(inputenc)                not set up for use with LaTeX.

See the inputenc package documentation for explanation.
Type  H <return>  for immediate help.
 ...                                              
                                                  
l.21 ...ã«ã¯ãŸãã•ã‚“ã®ç¨®é¡ãŒã‚ã‚‹ï¼ä»£
                                                  è¡¨ä¾‹ã¨ã—ã¦ã¯å¤šé …å¼...
You may provide a definition with
\DeclareUnicodeCharacter 


e:/TeX/others/Taylor.tex:21: Package inputenc Error: Unicode character è¡¨ (U+8868)
(inputenc)                not set up for use with LaTeX.

See the inputenc package documentation for explanation.
Type  H <return>  for immediate help.
 ...                                              
                                                  
l.21 ...ã¯ãŸãã•ã‚“ã®ç¨®é¡ãŒã‚ã‚‹ï¼ä»£è¡¨
                                                  ä¾‹ã¨ã—ã¦ã¯å¤šé …å¼é–...
You may provide a definition with
\DeclareUnicodeCharacter 


e:/TeX/others/Taylor.tex:21: Package inputenc Error: Unicode character ä¾‹ (U+4F8B)
(inputenc)                not set up for use with LaTeX.

See the inputenc package documentation for explanation.
Type  H <return>  for immediate help.
 ...                                              
                                                  
l.21 ...ãŸãã•ã‚“ã®ç¨®é¡ãŒã‚ã‚‹ï¼ä»£è¡¨ä¾‹
                                                  ã¨ã—ã¦ã¯å¤šé …å¼é–¢æ•...
You may provide a definition with
\DeclareUnicodeCharacter 


e:/TeX/others/Taylor.tex:21: Package inputenc Error: Unicode character ã¨ (U+3068)
(inputenc)                not set up for use with LaTeX.

See the inputenc package documentation for explanation.
Type  H <return>  for immediate help.
 ...                                              
                                                  
l.21 ...ãã•ã‚“ã®ç¨®é¡ãŒã‚ã‚‹ï¼ä»£è¡¨ä¾‹ã¨
                                                  ã—ã¦ã¯å¤šé …å¼é–¢æ•°ã‚...
You may provide a definition with
\DeclareUnicodeCharacter 


e:/TeX/others/Taylor.tex:21: Package inputenc Error: Unicode character ã— (U+3057)
(inputenc)                not set up for use with LaTeX.

See the inputenc package documentation for explanation.
Type  H <return>  for immediate help.
 ...                                              
                                                  
l.21 ...ã•ã‚“ã®ç¨®é¡ãŒã‚ã‚‹ï¼ä»£è¡¨ä¾‹ã¨ã—
                                                  ã¦ã¯å¤šé …å¼é–¢æ•°ã‚„ä¸...
You may provide a definition with
\DeclareUnicodeCharacter 


e:/TeX/others/Taylor.tex:21: Package inputenc Error: Unicode character ã¦ (U+3066)
(inputenc)                not set up for use with LaTeX.

See the inputenc package documentation for explanation.
Type  H <return>  for immediate help.
 ...                                              
                                                  
l.21 ...ã‚“ã®ç¨®é¡ãŒã‚ã‚‹ï¼ä»£è¡¨ä¾‹ã¨ã—ã¦
                                                  ã¯å¤šé …å¼é–¢æ•°ã‚„ä¸‰è§...
You may provide a definition with
\DeclareUnicodeCharacter 


e:/TeX/others/Taylor.tex:21: Package inputenc Error: Unicode character ã¯ (U+306F)
(inputenc)                not set up for use with LaTeX.

See the inputenc package documentation for explanation.
Type  H <return>  for immediate help.
 ...                                              
                                                  
l.21 ...ã®ç¨®é¡ãŒã‚ã‚‹ï¼ä»£è¡¨ä¾‹ã¨ã—ã¦ã¯
                                                  å¤šé …å¼é–¢æ•°ã‚„ä¸‰è§’é–...
You may provide a definition with
\DeclareUnicodeCharacter 


e:/TeX/others/Taylor.tex:21: Package inputenc Error: Unicode character å¤š (U+591A)
(inputenc)                not set up for use with LaTeX.

See the inputenc package documentation for explanation.
Type  H <return>  for immediate help.
 ...                                              
                                                  
l.21 ...ç¨®é¡ãŒã‚ã‚‹ï¼ä»£è¡¨ä¾‹ã¨ã—ã¦ã¯å¤š
                                                  é …å¼é–¢æ•°ã‚„ä¸‰è§’é–¢æ•...
You may provide a definition with
\DeclareUnicodeCharacter 


e:/TeX/others/Taylor.tex:21: Package inputenc Error: Unicode character é … (U+9805)
(inputenc)                not set up for use with LaTeX.

See the inputenc package documentation for explanation.
Type  H <return>  for immediate help.
 ...                                              
                                                  
l.21 ...é¡ãŒã‚ã‚‹ï¼ä»£è¡¨ä¾‹ã¨ã—ã¦ã¯å¤šé …
                                                  å¼é–¢æ•°ã‚„ä¸‰è§’é–¢æ•°ï¼...
You may provide a definition with
\DeclareUnicodeCharacter 


e:/TeX/others/Taylor.tex:21: Package inputenc Error: Unicode character å¼ (U+5F0F)
(inputenc)                not set up for use with LaTeX.

See the inputenc package documentation for explanation.
Type  H <return>  for immediate help.
 ...                                              
                                                  
l.21 ...ãŒã‚ã‚‹ï¼ä»£è¡¨ä¾‹ã¨ã—ã¦ã¯å¤šé …å¼
                                                  é–¢æ•°ã‚„ä¸‰è§’é–¢æ•°ï¼ŒæŒ...
You may provide a definition with
\DeclareUnicodeCharacter 


e:/TeX/others/Taylor.tex:21: Package inputenc Error: Unicode character é–¢ (U+95A2)
(inputenc)                not set up for use with LaTeX.

See the inputenc package documentation for explanation.
Type  H <return>  for immediate help.
 ...                                              
                                                  
l.21 ...ã‚ã‚‹ï¼ä»£è¡¨ä¾‹ã¨ã—ã¦ã¯å¤šé …å¼é–¢
                                                  æ•°ã‚„ä¸‰è§’é–¢æ•°ï¼ŒæŒ‡æ•...
You may provide a definition with
\DeclareUnicodeCharacter 


e:/TeX/others/Taylor.tex:21: Package inputenc Error: Unicode character æ•° (U+6570)
(inputenc)                not set up for use with LaTeX.

See the inputenc package documentation for explanation.
Type  H <return>  for immediate help.
 ...                                              
                                                  
l.21 ...ã‚‹ï¼ä»£è¡¨ä¾‹ã¨ã—ã¦ã¯å¤šé …å¼é–¢æ•°
                                                  ã‚„ä¸‰è§’é–¢æ•°ï¼ŒæŒ‡æ•°é–...
You may provide a definition with
\DeclareUnicodeCharacter 


e:/TeX/others/Taylor.tex:21: Package inputenc Error: Unicode character ã‚„ (U+3084)
(inputenc)                not set up for use with LaTeX.

See the inputenc package documentation for explanation.
Type  H <return>  for immediate help.
 ...                                              
                                                  
l.21 ...ï¼ä»£è¡¨ä¾‹ã¨ã—ã¦ã¯å¤šé …å¼é–¢æ•°ã‚„
                                                  ä¸‰è§’é–¢æ•°ï¼ŒæŒ‡æ•°é–¢æ•...
You may provide a definition with
\DeclareUnicodeCharacter 


e:/TeX/others/Taylor.tex:21: Package inputenc Error: Unicode character ä¸‰ (U+4E09)
(inputenc)                not set up for use with LaTeX.

See the inputenc package documentation for explanation.
Type  H <return>  for immediate help.
 ...                                              
                                                  
l.21 ...ä»£è¡¨ä¾‹ã¨ã—ã¦ã¯å¤šé …å¼é–¢æ•°ã‚„ä¸‰
                                                  è§’é–¢æ•°ï¼ŒæŒ‡æ•°é–¢æ•°ã...
You may provide a definition with
\DeclareUnicodeCharacter 


e:/TeX/others/Taylor.tex:21: Package inputenc Error: Unicode character è§’ (U+89D2)
(inputenc)                not set up for use with LaTeX.

See the inputenc package documentation for explanation.
Type  H <return>  for immediate help.
 ...                                              
                                                  
l.21 ...è¡¨ä¾‹ã¨ã—ã¦ã¯å¤šé …å¼é–¢æ•°ã‚„ä¸‰è§’
                                                  é–¢æ•°ï¼ŒæŒ‡æ•°é–¢æ•°ãªã...
You may provide a definition with
\DeclareUnicodeCharacter 


e:/TeX/others/Taylor.tex:21: Package inputenc Error: Unicode character é–¢ (U+95A2)
(inputenc)                not set up for use with LaTeX.

See the inputenc package documentation for explanation.
Type  H <return>  for immediate help.
 ...                                              
                                                  
l.21 ...ä¾‹ã¨ã—ã¦ã¯å¤šé …å¼é–¢æ•°ã‚„ä¸‰è§’é–¢
                                                  æ•°ï¼ŒæŒ‡æ•°é–¢æ•°ãªã©ã...
You may provide a definition with
\DeclareUnicodeCharacter 


e:/TeX/others/Taylor.tex:21: Package inputenc Error: Unicode character æ•° (U+6570)
(inputenc)                not set up for use with LaTeX.

See the inputenc package documentation for explanation.
Type  H <return>  for immediate help.
 ...                                              
                                                  
l.21 ...ã¨ã—ã¦ã¯å¤šé …å¼é–¢æ•°ã‚„ä¸‰è§’é–¢æ•°
                                                  ï¼ŒæŒ‡æ•°é–¢æ•°ãªã©ãŒã...
You may provide a definition with
\DeclareUnicodeCharacter 


e:/TeX/others/Taylor.tex:21: Package inputenc Error: Unicode character ï¼Œ (U+FF0C)
(inputenc)                not set up for use with LaTeX.

See the inputenc package documentation for explanation.
Type  H <return>  for immediate help.
 ...                                              
                                                  
l.21 ...ã—ã¦ã¯å¤šé …å¼é–¢æ•°ã‚„ä¸‰è§’é–¢æ•°ï¼Œ
                                                  æŒ‡æ•°é–¢æ•°ãªã©ãŒã‚ã‚...
You may provide a definition with
\DeclareUnicodeCharacter 


e:/TeX/others/Taylor.tex:21: Package inputenc Error: Unicode character æŒ‡ (U+6307)
(inputenc)                not set up for use with LaTeX.

See the inputenc package documentation for explanation.
Type  H <return>  for immediate help.
 ...                                              
                                                  
l.21 ...ã¦ã¯å¤šé …å¼é–¢æ•°ã‚„ä¸‰è§’é–¢æ•°ï¼ŒæŒ‡
                                                  æ•°é–¢æ•°ãªã©ãŒã‚ã‚‹ï¼...
You may provide a definition with
\DeclareUnicodeCharacter 


e:/TeX/others/Taylor.tex:21: Package inputenc Error: Unicode character æ•° (U+6570)
(inputenc)                not set up for use with LaTeX.

See the inputenc package documentation for explanation.
Type  H <return>  for immediate help.
 ...                                              
                                                  
l.21 ...ã¯å¤šé …å¼é–¢æ•°ã‚„ä¸‰è§’é–¢æ•°ï¼ŒæŒ‡æ•°
                                                  é–¢æ•°ãªã©ãŒã‚ã‚‹ï¼å¤...
You may provide a definition with
\DeclareUnicodeCharacter 


e:/TeX/others/Taylor.tex:21: Package inputenc Error: Unicode character é–¢ (U+95A2)
(inputenc)                not set up for use with LaTeX.

See the inputenc package documentation for explanation.
Type  H <return>  for immediate help.
 ...                                              
                                                  
l.21 ...å¤šé …å¼é–¢æ•°ã‚„ä¸‰è§’é–¢æ•°ï¼ŒæŒ‡æ•°é–¢
                                                  æ•°ãªã©ãŒã‚ã‚‹ï¼å¤šé ...
You may provide a definition with
\DeclareUnicodeCharacter 


e:/TeX/others/Taylor.tex:21: Package inputenc Error: Unicode character æ•° (U+6570)
(inputenc)                not set up for use with LaTeX.

See the inputenc package documentation for explanation.
Type  H <return>  for immediate help.
 ...                                              
                                                  
l.21 ...é …å¼é–¢æ•°ã‚„ä¸‰è§’é–¢æ•°ï¼ŒæŒ‡æ•°é–¢æ•°
                                                  ãªã©ãŒã‚ã‚‹ï¼å¤šé …å¼...
You may provide a definition with
\DeclareUnicodeCharacter 


e:/TeX/others/Taylor.tex:21: Package inputenc Error: Unicode character ãª (U+306A)
(inputenc)                not set up for use with LaTeX.

See the inputenc package documentation for explanation.
Type  H <return>  for immediate help.
 ...                                              
                                                  
l.21 ...å¼é–¢æ•°ã‚„ä¸‰è§’é–¢æ•°ï¼ŒæŒ‡æ•°é–¢æ•°ãª
                                                  ã©ãŒã‚ã‚‹ï¼å¤šé …å¼é–...
You may provide a definition with
\DeclareUnicodeCharacter 


e:/TeX/others/Taylor.tex:21: Package inputenc Error: Unicode character ã© (U+3069)
(inputenc)                not set up for use with LaTeX.

See the inputenc package documentation for explanation.
Type  H <return>  for immediate help.
 ...                                              
                                                  
l.21 ...é–¢æ•°ã‚„ä¸‰è§’é–¢æ•°ï¼ŒæŒ‡æ•°é–¢æ•°ãªã©
                                                  ãŒã‚ã‚‹ï¼å¤šé …å¼é–¢æ•...
You may provide a definition with
\DeclareUnicodeCharacter 


e:/TeX/others/Taylor.tex:21: Package inputenc Error: Unicode character ãŒ (U+304C)
(inputenc)                not set up for use with LaTeX.

See the inputenc package documentation for explanation.
Type  H <return>  for immediate help.
 ...                                              
                                                  
l.21 ...æ•°ã‚„ä¸‰è§’é–¢æ•°ï¼ŒæŒ‡æ•°é–¢æ•°ãªã©ãŒ
                                                  ã‚ã‚‹ï¼å¤šé …å¼é–¢æ•°ã...
You may provide a definition with
\DeclareUnicodeCharacter 


e:/TeX/others/Taylor.tex:21: Package inputenc Error: Unicode character ã‚ (U+3042)
(inputenc)                not set up for use with LaTeX.

See the inputenc package documentation for explanation.
Type  H <return>  for immediate help.
 ...                                              
                                                  
l.21 ...ã‚„ä¸‰è§’é–¢æ•°ï¼ŒæŒ‡æ•°é–¢æ•°ãªã©ãŒã‚
                                                  ã‚‹ï¼å¤šé …å¼é–¢æ•°ã«ã...
You may provide a definition with
\DeclareUnicodeCharacter 


e:/TeX/others/Taylor.tex:21: Package inputenc Error: Unicode character ã‚‹ (U+308B)
(inputenc)                not set up for use with LaTeX.

See the inputenc package documentation for explanation.
Type  H <return>  for immediate help.
 ...                                              
                                                  
l.21 ...ä¸‰è§’é–¢æ•°ï¼ŒæŒ‡æ•°é–¢æ•°ãªã©ãŒã‚ã‚‹
                                                  ï¼å¤šé …å¼é–¢æ•°ã«ã¤ã...
You may provide a definition with
\DeclareUnicodeCharacter 


e:/TeX/others/Taylor.tex:21: Package inputenc Error: Unicode character ï¼ (U+FF0E)
(inputenc)                not set up for use with LaTeX.

See the inputenc package documentation for explanation.
Type  H <return>  for immediate help.
 ...                                              
                                                  
l.21 ...è§’é–¢æ•°ï¼ŒæŒ‡æ•°é–¢æ•°ãªã©ãŒã‚ã‚‹ï¼
                                                  å¤šé …å¼é–¢æ•°ã«ã¤ã„ã...
You may provide a definition with
\DeclareUnicodeCharacter 


e:/TeX/others/Taylor.tex:21: Package inputenc Error: Unicode character å¤š (U+591A)
(inputenc)                not set up for use with LaTeX.

See the inputenc package documentation for explanation.
Type  H <return>  for immediate help.
 ...                                              
                                                  
l.21 ...é–¢æ•°ï¼ŒæŒ‡æ•°é–¢æ•°ãªã©ãŒã‚ã‚‹ï¼å¤š
                                                  é …å¼é–¢æ•°ã«ã¤ã„ã¦ã...
You may provide a definition with
\DeclareUnicodeCharacter 


e:/TeX/others/Taylor.tex:21: Package inputenc Error: Unicode character é … (U+9805)
(inputenc)                not set up for use with LaTeX.

See the inputenc package documentation for explanation.
Type  H <return>  for immediate help.
 ...                                              
                                                  
l.21 ...æ•°ï¼ŒæŒ‡æ•°é–¢æ•°ãªã©ãŒã‚ã‚‹ï¼å¤šé …
                                                  å¼é–¢æ•°ã«ã¤ã„ã¦ã¯$x...
You may provide a definition with
\DeclareUnicodeCharacter 


e:/TeX/others/Taylor.tex:21: Package inputenc Error: Unicode character å¼ (U+5F0F)
(inputenc)                not set up for use with LaTeX.

See the inputenc package documentation for explanation.
Type  H <return>  for immediate help.
 ...                                              
                                                  
l.21 ...ï¼ŒæŒ‡æ•°é–¢æ•°ãªã©ãŒã‚ã‚‹ï¼å¤šé …å¼
                                                  é–¢æ•°ã«ã¤ã„ã¦ã¯$x \t...
You may provide a definition with
\DeclareUnicodeCharacter 


e:/TeX/others/Taylor.tex:21: Package inputenc Error: Unicode character é–¢ (U+95A2)
(inputenc)                not set up for use with LaTeX.

See the inputenc package documentation for explanation.
Type  H <return>  for immediate help.
 ...                                              
                                                  
l.21 ...æŒ‡æ•°é–¢æ•°ãªã©ãŒã‚ã‚‹ï¼å¤šé …å¼é–¢
                                                  æ•°ã«ã¤ã„ã¦ã¯$x \to \...
You may provide a definition with
\DeclareUnicodeCharacter 


e:/TeX/others/Taylor.tex:21: Package inputenc Error: Unicode character æ•° (U+6570)
(inputenc)                not set up for use with LaTeX.

See the inputenc package documentation for explanation.
Type  H <return>  for immediate help.
 ...                                              
                                                  
l.21 ...æ•°é–¢æ•°ãªã©ãŒã‚ã‚‹ï¼å¤šé …å¼é–¢æ•°
                                                  ã«ã¤ã„ã¦ã¯$x \to \inf...
You may provide a definition with
\DeclareUnicodeCharacter 


e:/TeX/others/Taylor.tex:21: Package inputenc Error: Unicode character ã« (U+306B)
(inputenc)                not set up for use with LaTeX.

See the inputenc package documentation for explanation.
Type  H <return>  for immediate help.
 ...                                              
                                                  
l.21 ...é–¢æ•°ãªã©ãŒã‚ã‚‹ï¼å¤šé …å¼é–¢æ•°ã«
                                                  ã¤ã„ã¦ã¯$x \to \infty$...
You may provide a definition with
\DeclareUnicodeCharacter 


e:/TeX/others/Taylor.tex:21: Package inputenc Error: Unicode character ã¤ (U+3064)
(inputenc)                not set up for use with LaTeX.

See the inputenc package documentation for explanation.
Type  H <return>  for immediate help.
 ...                                              
                                                  
l.21 ...æ•°ãªã©ãŒã‚ã‚‹ï¼å¤šé …å¼é–¢æ•°ã«ã¤
                                                  ã„ã¦ã¯$x \to \infty$ã‚„...
You may provide a definition with
\DeclareUnicodeCharacter 


e:/TeX/others/Taylor.tex:21: Package inputenc Error: Unicode character ã„ (U+3044)
(inputenc)                not set up for use with LaTeX.

See the inputenc package documentation for explanation.
Type  H <return>  for immediate help.
 ...                                              
                                                  
l.21 ...ãªã©ãŒã‚ã‚‹ï¼å¤šé …å¼é–¢æ•°ã«ã¤ã„
                                                  ã¦ã¯$x \to \infty$ã‚„$x ...
You may provide a definition with
\DeclareUnicodeCharacter 


e:/TeX/others/Taylor.tex:21: Package inputenc Error: Unicode character ã¦ (U+3066)
(inputenc)                not set up for use with LaTeX.

See the inputenc package documentation for explanation.
Type  H <return>  for immediate help.
 ...                                              
                                                  
l.21 ...ã©ãŒã‚ã‚‹ï¼å¤šé …å¼é–¢æ•°ã«ã¤ã„ã¦
                                                  ã¯$x \to \infty$ã‚„$x \to...
You may provide a definition with
\DeclareUnicodeCharacter 


e:/TeX/others/Taylor.tex:21: Package inputenc Error: Unicode character ã¯ (U+306F)
(inputenc)                not set up for use with LaTeX.

See the inputenc package documentation for explanation.
Type  H <return>  for immediate help.
 ...                                              
                                                  
l.21 ...ãŒã‚ã‚‹ï¼å¤šé …å¼é–¢æ•°ã«ã¤ã„ã¦ã¯
                                                  $x \to \infty$ã‚„$x \to 0$...
You may provide a definition with
\DeclareUnicodeCharacter 


e:/TeX/others/Taylor.tex:21: Package inputenc Error: Unicode character ã‚„ (U+3084)
(inputenc)                not set up for use with LaTeX.

See the inputenc package documentation for explanation.
Type  H <return>  for immediate help.
 ...                                              
                                                  
l.21 ...…å¼é–¢æ•°ã«ã¤ã„ã¦ã¯$x \to \infty$ã‚„
                                                  $x \to 0$ã®ã¨ãã®æ§˜å­...
You may provide a definition with
\DeclareUnicodeCharacter 


e:/TeX/others/Taylor.tex:21: Package inputenc Error: Unicode character ã® (U+306E)
(inputenc)                not set up for use with LaTeX.

See the inputenc package documentation for explanation.
Type  H <return>  for immediate help.
 ...                                              
                                                  
l.21 ...«ã¤ã„ã¦ã¯$x \to \infty$ã‚„$x \to 0$ã®
                                                  ã¨ãã®æ§˜å­ãŒã‹ãªã‚...
You may provide a definition with
\DeclareUnicodeCharacter 


e:/TeX/others/Taylor.tex:21: Package inputenc Error: Unicode character ã¨ (U+3068)
(inputenc)                not set up for use with LaTeX.

See the inputenc package documentation for explanation.
Type  H <return>  for immediate help.
 ...                                              
                                                  
l.21 ...¤ã„ã¦ã¯$x \to \infty$ã‚„$x \to 0$ã®ã¨
                                                  ãã®æ§˜å­ãŒã‹ãªã‚Šåˆ...
You may provide a definition with
\DeclareUnicodeCharacter 


e:/TeX/others/Taylor.tex:21: Package inputenc Error: Unicode character ã (U+304D)
(inputenc)                not set up for use with LaTeX.

See the inputenc package documentation for explanation.
Type  H <return>  for immediate help.
 ...                                              
                                                  
l.21 ...„ã¦ã¯$x \to \infty$ã‚„$x \to 0$ã®ã¨ã
                                                  ã®æ§˜å­ãŒã‹ãªã‚Šåˆ†ã...
You may provide a definition with
\DeclareUnicodeCharacter 


e:/TeX/others/Taylor.tex:21: Package inputenc Error: Unicode character ã® (U+306E)
(inputenc)                not set up for use with LaTeX.

See the inputenc package documentation for explanation.
Type  H <return>  for immediate help.
 ...                                              
                                                  
l.21 ...¦ã¯$x \to \infty$ã‚„$x \to 0$ã®ã¨ãã®
                                                  æ§˜å­ãŒã‹ãªã‚Šåˆ†ã‹ã‚...
You may provide a definition with
\DeclareUnicodeCharacter 


e:/TeX/others/Taylor.tex:21: Package inputenc Error: Unicode character æ§˜ (U+69D8)
(inputenc)                not set up for use with LaTeX.

See the inputenc package documentation for explanation.
Type  H <return>  for immediate help.
 ...                                              
                                                  
l.21 ...¯$x \to \infty$ã‚„$x \to 0$ã®ã¨ãã®æ§˜
                                                  å­ãŒã‹ãªã‚Šåˆ†ã‹ã‚Šã‚...
You may provide a definition with
\DeclareUnicodeCharacter 


e:/TeX/others/Taylor.tex:21: Package inputenc Error: Unicode character å­ (U+5B50)
(inputenc)                not set up for use with LaTeX.

See the inputenc package documentation for explanation.
Type  H <return>  for immediate help.
 ...                                              
                                                  
l.21 ... \to \infty$ã‚„$x \to 0$ã®ã¨ãã®æ§˜å­
                                                  ãŒã‹ãªã‚Šåˆ†ã‹ã‚Šã‚„ã...
You may provide a definition with
\DeclareUnicodeCharacter 


e:/TeX/others/Taylor.tex:21: Package inputenc Error: Unicode character ãŒ (U+304C)
(inputenc)                not set up for use with LaTeX.

See the inputenc package documentation for explanation.
Type  H <return>  for immediate help.
 ...                                              
                                                  
l.21 ...o \infty$ã‚„$x \to 0$ã®ã¨ãã®æ§˜å­ãŒ
                                                  ã‹ãªã‚Šåˆ†ã‹ã‚Šã‚„ã™ã...
You may provide a definition with
\DeclareUnicodeCharacter 


e:/TeX/others/Taylor.tex:21: Package inputenc Error: Unicode character ã‹ (U+304B)
(inputenc)                not set up for use with LaTeX.

See the inputenc package documentation for explanation.
Type  H <return>  for immediate help.
 ...                                              
                                                  
l.21 ...infty$ã‚„$x \to 0$ã®ã¨ãã®æ§˜å­ãŒã‹
                                                  ãªã‚Šåˆ†ã‹ã‚Šã‚„ã™ã„ï¼...
You may provide a definition with
\DeclareUnicodeCharacter 


e:/TeX/others/Taylor.tex:21: Package inputenc Error: Unicode character ãª (U+306A)
(inputenc)                not set up for use with LaTeX.

See the inputenc package documentation for explanation.
Type  H <return>  for immediate help.
 ...                                              
                                                  
l.21 ...ty$ã‚„$x \to 0$ã®ã¨ãã®æ§˜å­ãŒã‹ãª
                                                  ã‚Šåˆ†ã‹ã‚Šã‚„ã™ã„ï¼Œã...
You may provide a definition with
\DeclareUnicodeCharacter 


e:/TeX/others/Taylor.tex:21: Package inputenc Error: Unicode character ã‚Š (U+308A)
(inputenc)                not set up for use with LaTeX.

See the inputenc package documentation for explanation.
Type  H <return>  for immediate help.
 ...                                              
                                                  
l.21 ...ã‚„$x \to 0$ã®ã¨ãã®æ§˜å­ãŒã‹ãªã‚Š
                                                  åˆ†ã‹ã‚Šã‚„ã™ã„ï¼Œã™ã...
You may provide a definition with
\DeclareUnicodeCharacter 


e:/TeX/others/Taylor.tex:21: Package inputenc Error: Unicode character åˆ† (U+5206)
(inputenc)                not set up for use with LaTeX.

See the inputenc package documentation for explanation.
Type  H <return>  for immediate help.
 ...                                              
                                                  
l.21 ...$x \to 0$ã®ã¨ãã®æ§˜å­ãŒã‹ãªã‚Šåˆ†
                                                  ã‹ã‚Šã‚„ã™ã„ï¼Œã™ãªã‚...
You may provide a definition with
\DeclareUnicodeCharacter 


e:/TeX/others/Taylor.tex:21: Package inputenc Error: Unicode character ã‹ (U+304B)
(inputenc)                not set up for use with LaTeX.

See the inputenc package documentation for explanation.
Type  H <return>  for immediate help.
 ...                                              
                                                  
l.21 ...\to 0$ã®ã¨ãã®æ§˜å­ãŒã‹ãªã‚Šåˆ†ã‹
                                                  ã‚Šã‚„ã™ã„ï¼Œã™ãªã‚ã...
You may provide a definition with
\DeclareUnicodeCharacter 


e:/TeX/others/Taylor.tex:21: Package inputenc Error: Unicode character ã‚Š (U+308A)
(inputenc)                not set up for use with LaTeX.

See the inputenc package documentation for explanation.
Type  H <return>  for immediate help.
 ...                                              
                                                  
l.21 ... 0$ã®ã¨ãã®æ§˜å­ãŒã‹ãªã‚Šåˆ†ã‹ã‚Š
                                                  ã‚„ã™ã„ï¼Œã™ãªã‚ã¡(å...
You may provide a definition with
\DeclareUnicodeCharacter 


e:/TeX/others/Taylor.tex:21: Package inputenc Error: Unicode character ã‚„ (U+3084)
(inputenc)                not set up for use with LaTeX.

See the inputenc package documentation for explanation.
Type  H <return>  for immediate help.
 ...                                              
                                                  
l.21 ...ã®ã¨ãã®æ§˜å­ãŒã‹ãªã‚Šåˆ†ã‹ã‚Šã‚„
                                                  ã™ã„ï¼Œã™ãªã‚ã¡(å¤šé...
You may provide a definition with
\DeclareUnicodeCharacter 


e:/TeX/others/Taylor.tex:21: Package inputenc Error: Unicode character ã™ (U+3059)
(inputenc)                not set up for use with LaTeX.

See the inputenc package documentation for explanation.
Type  H <return>  for immediate help.
 ...                                              
                                                  
l.21 ...ã¨ãã®æ§˜å­ãŒã‹ãªã‚Šåˆ†ã‹ã‚Šã‚„ã™
                                                  ã„ï¼Œã™ãªã‚ã¡(å¤šé …å...
You may provide a definition with
\DeclareUnicodeCharacter 


e:/TeX/others/Taylor.tex:21: Package inputenc Error: Unicode character ã„ (U+3044)
(inputenc)                not set up for use with LaTeX.

See the inputenc package documentation for explanation.
Type  H <return>  for immediate help.
 ...                                              
                                                  
l.21 ...ãã®æ§˜å­ãŒã‹ãªã‚Šåˆ†ã‹ã‚Šã‚„ã™ã„
                                                  ï¼Œã™ãªã‚ã¡(å¤šé …å¼)...
You may provide a definition with
\DeclareUnicodeCharacter 


e:/TeX/others/Taylor.tex:21: Package inputenc Error: Unicode character ï¼Œ (U+FF0C)
(inputenc)                not set up for use with LaTeX.

See the inputenc package documentation for explanation.
Type  H <return>  for immediate help.
 ...                                              
                                                  
l.21 ...ã®æ§˜å­ãŒã‹ãªã‚Šåˆ†ã‹ã‚Šã‚„ã™ã„ï¼Œ
                                                  ã™ãªã‚ã¡(å¤šé …å¼)/(å...
You may provide a definition with
\DeclareUnicodeCharacter 


e:/TeX/others/Taylor.tex:21: Package inputenc Error: Unicode character ã™ (U+3059)
(inputenc)                not set up for use with LaTeX.

See the inputenc package documentation for explanation.
Type  H <return>  for immediate help.
 ...                                              
                                                  
l.21 ...æ§˜å­ãŒã‹ãªã‚Šåˆ†ã‹ã‚Šã‚„ã™ã„ï¼Œã™
                                                  ãªã‚ã¡(å¤šé …å¼)/(å¤šé...
You may provide a definition with
\DeclareUnicodeCharacter 


e:/TeX/others/Taylor.tex:21: Package inputenc Error: Unicode character ãª (U+306A)
(inputenc)                not set up for use with LaTeX.

See the inputenc package documentation for explanation.
Type  H <return>  for immediate help.
 ...                                              
                                                  
l.21 ...å­ãŒã‹ãªã‚Šåˆ†ã‹ã‚Šã‚„ã™ã„ï¼Œã™ãª
                                                  ã‚ã¡(å¤šé …å¼)/(å¤šé …å...
You may provide a definition with
\DeclareUnicodeCharacter 


e:/TeX/others/Taylor.tex:21: Package inputenc Error: Unicode character ã‚ (U+308F)
(inputenc)                not set up for use with LaTeX.

See the inputenc package documentation for explanation.
Type  H <return>  for immediate help.
 ...                                              
                                                  
l.21 ...ãŒã‹ãªã‚Šåˆ†ã‹ã‚Šã‚„ã™ã„ï¼Œã™ãªã‚
                                                  ã¡(å¤šé …å¼)/(å¤šé …å¼)...
(That makes 100 errors; please try again.) 
Here is how much of TeX's memory you used:
 1859 strings out of 480608
 25486 string characters out of 5907528
 256789 words of memory out of 5000000
 17791 multiletter control sequences out of 15000+600000
 534349 words of font info for 35 fonts, out of 8000000 for 9000
 1141 hyphenation exceptions out of 8191
 30i,3n,31p,488b,100s stack positions out of 5000i,500n,10000p,200000b,80000s

No pages of output.
